<?xml version="1.0" encoding="UTF-8"?>
<!-- Generated by org.testng.reporters.JUnitXMLReporter -->
<testsuite ignored="0" hostname="ATMECSBLRLT-036" failures="1" tests="1" name="SampleTest" time="28.571" errors="0" timestamp="24 Nov 2020 06:52:46 GMT">
  <testcase classname="com.falcon.training.test.testscript.ChatBox" name="sampleTest" time="27.892">
    <failure type="java.lang.NullPointerException">
      <![CDATA[java.lang.NullPointerException
at com.atmecs.falcon.automation.ui.selenium.TextField.enterTextField(TextField.java:38)
at com.falcon.training.test.testscript.ChatBox.sampleTest(ChatBox.java:34)
at com.falcon.training.test.runner.TestNGRunner.main(TestNGRunner.java:60)
at org.codehaus.mojo.exec.ExecJavaMojo$1.run(ExecJavaMojo.java:294)
at java.base/java.lang.Thread.run(Thread.java:835)
... Removed 26 stack frames]]>
    </failure>
  </testcase> <!-- sampleTest -->
</testsuite> <!-- SampleTest -->
