<?xml version="1.0" encoding="UTF-8"?>
<testng-results ignored="0" total="0" passed="0" failed="0" skipped="0">
  <reporter-output>
  </reporter-output>
  <suite started-at="2020-11-24T06:52:17Z" name="com.falcon.training.test.AppTest" finished-at="2020-11-24T06:52:17Z" duration-ms="5">
    <groups>
    </groups>
    <test started-at="2020-11-24T06:52:17Z" name="Command line test" finished-at="2020-11-24T06:52:17Z" duration-ms="5">
    </test> <!-- Command line test -->
  </suite> <!-- com.falcon.training.test.AppTest -->
</testng-results>
